[Mon Feb 28 18:18:34.103960 2022] [ssl:warn] [pid 37240:tid 488] AH01909: www.example.com:443:0 server certificate does NOT include an ID which matches the server name
[Mon Feb 28 18:18:34.150836 2022] [ssl:warn] [pid 37240:tid 488] AH01909: www.example.com:443:0 server certificate does NOT include an ID which matches the server name
[Mon Feb 28 18:18:34.329936 2022] [mpm_winnt:notice] [pid 37240:tid 488] AH00455: Apache/2.4.52 (Win64) OpenSSL/1.1.1m PHP/8.1.2 configured -- resuming normal operations
[Mon Feb 28 18:18:34.329936 2022] [mpm_winnt:notice] [pid 37240:tid 488] AH00456: Apache Lounge VS16 Server built: Dec 17 2021 10:17:38
[Mon Feb 28 18:18:34.330938 2022] [core:notice] [pid 37240:tid 488] AH00094: Command line: 'C:\\xampp\\apache\\bin\\httpd.exe -d C:/xampp/apache'
[Mon Feb 28 18:18:34.334922 2022] [mpm_winnt:notice] [pid 37240:tid 488] AH00418: Parent: Created child process 21636
[Mon Feb 28 18:18:35.252311 2022] [ssl:warn] [pid 21636:tid 524] AH01909: www.example.com:443:0 server certificate does NOT include an ID which matches the server name
[Mon Feb 28 18:18:35.303180 2022] [ssl:warn] [pid 21636:tid 524] AH01909: www.example.com:443:0 server certificate does NOT include an ID which matches the server name
[Mon Feb 28 18:18:35.348055 2022] [mpm_winnt:notice] [pid 21636:tid 524] AH00354: Child: Starting 150 worker threads.
[Mon Feb 28 22:32:17.399680 2022] [ssl:warn] [pid 39652:tid 512] AH01909: www.example.com:443:0 server certificate does NOT include an ID which matches the server name
[Mon Feb 28 22:32:17.460517 2022] [ssl:warn] [pid 39652:tid 512] AH01909: www.example.com:443:0 server certificate does NOT include an ID which matches the server name
[Mon Feb 28 22:32:17.522352 2022] [mpm_winnt:notice] [pid 39652:tid 512] AH00455: Apache/2.4.52 (Win64) OpenSSL/1.1.1m PHP/8.1.2 configured -- resuming normal operations
[Mon Feb 28 22:32:17.522352 2022] [mpm_winnt:notice] [pid 39652:tid 512] AH00456: Apache Lounge VS16 Server built: Dec 17 2021 10:17:38
[Mon Feb 28 22:32:17.522352 2022] [core:notice] [pid 39652:tid 512] AH00094: Command line: 'c:\\xampp\\apache\\bin\\httpd.exe -d C:/xampp/apache'
[Mon Feb 28 22:32:17.527339 2022] [mpm_winnt:notice] [pid 39652:tid 512] AH00418: Parent: Created child process 31748
[Mon Feb 28 22:32:18.365894 2022] [ssl:warn] [pid 31748:tid 624] AH01909: www.example.com:443:0 server certificate does NOT include an ID which matches the server name
[Mon Feb 28 22:32:18.422767 2022] [ssl:warn] [pid 31748:tid 624] AH01909: www.example.com:443:0 server certificate does NOT include an ID which matches the server name
[Mon Feb 28 22:32:18.489591 2022] [mpm_winnt:notice] [pid 31748:tid 624] AH00354: Child: Starting 150 worker threads.
[Mon Feb 28 22:32:29.764388 2022] [mpm_winnt:crit] [pid 31748:tid 624] AH02538: Child: Parent process exited abruptly. Child process is ending
[Mon Feb 28 22:32:34.173446 2022] [ssl:warn] [pid 35492:tid 644] AH01909: www.example.com:443:0 server certificate does NOT include an ID which matches the server name
[Mon Feb 28 22:32:34.238851 2022] [core:warn] [pid 35492:tid 644] AH00098: pid file C:/xampp/apache/logs/httpd.pid overwritten -- Unclean shutdown of previous Apache run?
[Mon Feb 28 22:32:34.240843 2022] [ssl:warn] [pid 35492:tid 644] AH01909: www.example.com:443:0 server certificate does NOT include an ID which matches the server name
[Mon Feb 28 22:32:34.295700 2022] [mpm_winnt:notice] [pid 35492:tid 644] AH00455: Apache/2.4.52 (Win64) OpenSSL/1.1.1m PHP/8.1.2 configured -- resuming normal operations
[Mon Feb 28 22:32:34.295700 2022] [mpm_winnt:notice] [pid 35492:tid 644] AH00456: Apache Lounge VS16 Server built: Dec 17 2021 10:17:38
[Mon Feb 28 22:32:34.295700 2022] [core:notice] [pid 35492:tid 644] AH00094: Command line: 'c:\\xampp\\apache\\bin\\httpd.exe -d C:/xampp/apache'
[Mon Feb 28 22:32:34.301658 2022] [mpm_winnt:notice] [pid 35492:tid 644] AH00418: Parent: Created child process 31844
[Mon Feb 28 22:32:35.134963 2022] [ssl:warn] [pid 31844:tid 624] AH01909: www.example.com:443:0 server certificate does NOT include an ID which matches the server name
[Mon Feb 28 22:32:35.191779 2022] [ssl:warn] [pid 31844:tid 624] AH01909: www.example.com:443:0 server certificate does NOT include an ID which matches the server name
[Mon Feb 28 22:32:35.250622 2022] [mpm_winnt:notice] [pid 31844:tid 624] AH00354: Child: Starting 150 worker threads.
[Tue Mar 01 13:15:19.112238 2022] [authz_core:error] [pid 31844:tid 1900] [client 127.0.0.1:53243] AH01630: client denied by server configuration: C:/xampp/htdocs
[Tue Mar 01 13:15:20.302812 2022] [authz_core:error] [pid 31844:tid 1900] [client 127.0.0.1:53243] AH01630: client denied by server configuration: C:/xampp/htdocs
